
Group No: 0    Polar Type: NMOS    Mode Type: SVT   W=7.200000   L=4.500000

Group No: 1    Polar Type: NMOS    Mode Type: SVT   W=1.800000   L=1.800000

Group No: 2    Polar Type: NMOS    Mode Type: SVT   W=0.900000   L=0.900000

Group No: 3    Polar Type: NMOS    Mode Type: SVT   W=0.054000   L=0.900000

Group No: 4    Polar Type: NMOS    Mode Type: SVT   W=0.054000   L=0.450000

Group No: 5    Polar Type: NMOS    Mode Type: SVT   W=0.054000   L=0.270000

Group No: 6    Polar Type: NMOS    Mode Type: SVT   W=0.054000   L=0.135000

Group No: 7    Polar Type: NMOS    Mode Type: SVT   W=0.054000   L=0.108000

Group No: 8    Polar Type: NMOS    Mode Type: SVT   W=0.040500   L=1.800000
vtlin --> Bias No 1  Warning: the local variation is larger than the total variation!
vtlin --> Bias No 2  Warning: the local variation is larger than the total variation!
vtlin --> Bias No 3  Warning: the local variation is larger than the total variation!

Group No: 9    Polar Type: NMOS    Mode Type: SVT   W=0.036000   L=0.108000

Group No: 10    Polar Type: NMOS    Mode Type: SVT   W=0.036000   L=9.000000

Group No: 11    Polar Type: NMOS    Mode Type: SVT   W=0.036000   L=4.500000

Group No: 12    Polar Type: NMOS    Mode Type: SVT   W=0.036000   L=0.900000

Group No: 13    Polar Type: NMOS    Mode Type: SVT   W=0.036000   L=0.540000
vtlin --> Bias No 1  Warning: the local variation is larger than the total variation!
vtsat --> Bias No 1  Warning: the local variation is larger than the total variation!
vtlin --> Bias No 2  Warning: the local variation is larger than the total variation!
vtsat --> Bias No 2  Warning: the local variation is larger than the total variation!
vtlin --> Bias No 3  Warning: the local variation is larger than the total variation!
vtsat --> Bias No 3  Warning: the local variation is larger than the total variation!

Group No: 14    Polar Type: NMOS    Mode Type: SVT   W=0.036000   L=0.270000
vtlin --> Bias No 1  Warning: the local variation is larger than the total variation!
vtlin --> Bias No 2  Warning: the local variation is larger than the total variation!
vtlin --> Bias No 3  Warning: the local variation is larger than the total variation!

Group No: 15    Polar Type: NMOS    Mode Type: SVT   W=0.036000   L=0.135000
Idlin --> Bias No 1  Warning: the local variation is larger than the total variation!
Idsat --> Bias No 1  Warning: the local variation is larger than the total variation!
vtlin --> Bias No 1  Warning: the local variation is larger than the total variation!
Idlin --> Bias No 2  Warning: the local variation is larger than the total variation!
Idsat --> Bias No 2  Warning: the local variation is larger than the total variation!
vtlin --> Bias No 2  Warning: the local variation is larger than the total variation!
vtsat --> Bias No 2  Warning: the local variation is larger than the total variation!
Idlin --> Bias No 3  Warning: the local variation is larger than the total variation!
Idsat --> Bias No 3  Warning: the local variation is larger than the total variation!
vtlin --> Bias No 3  Warning: the local variation is larger than the total variation!
vtsat --> Bias No 3  Warning: the local variation is larger than the total variation!

Group No: 16    Polar Type: NMOS    Mode Type: SVT   W=0.036000   L=0.900000

Group No: 17    Polar Type: NMOS    Mode Type: SVT   W=0.036000   L=0.900000

Group No: 18    Polar Type: NMOS    Mode Type: SVT   W=0.036000   L=0.900000

Group No: 19    Polar Type: NMOS    Mode Type: SVT   W=0.036000   L=0.900000

Group No: 20    Polar Type: NMOS    Mode Type: SVT   W=0.036000   L=0.540000
vtlin --> Bias No 1  Warning: the local variation is larger than the total variation!
vtlin --> Bias No 2  Warning: the local variation is larger than the total variation!
vtlin --> Bias No 3  Warning: the local variation is larger than the total variation!

Group No: 21    Polar Type: NMOS    Mode Type: SVT   W=0.036000   L=0.540000

Group No: 22    Polar Type: NMOS    Mode Type: SVT   W=0.036000   L=0.540000

Group No: 23    Polar Type: NMOS    Mode Type: SVT   W=0.036000   L=0.540000

Group No: 24    Polar Type: NMOS    Mode Type: SVT   W=0.036000   L=0.270000

Group No: 25    Polar Type: NMOS    Mode Type: SVT   W=0.036000   L=0.270000
vtlin --> Bias No 1  Warning: the local variation is larger than the total variation!
vtsat --> Bias No 1  Warning: the local variation is larger than the total variation!
vtlin --> Bias No 2  Warning: the local variation is larger than the total variation!
vtsat --> Bias No 2  Warning: the local variation is larger than the total variation!
vtlin --> Bias No 3  Warning: the local variation is larger than the total variation!
vtsat --> Bias No 3  Warning: the local variation is larger than the total variation!

Group No: 26    Polar Type: NMOS    Mode Type: SVT   W=0.036000   L=0.270000

Group No: 27    Polar Type: NMOS    Mode Type: SVT   W=0.036000   L=0.270000

Group No: 28    Polar Type: PMOS    Mode Type: SVT   W=7.200000   L=4.500000

Group No: 29    Polar Type: PMOS    Mode Type: SVT   W=1.800000   L=1.800000

Group No: 30    Polar Type: PMOS    Mode Type: SVT   W=0.900000   L=0.900000

Group No: 31    Polar Type: PMOS    Mode Type: SVT   W=0.054000   L=0.900000

Group No: 32    Polar Type: PMOS    Mode Type: SVT   W=0.054000   L=0.450000

Group No: 33    Polar Type: PMOS    Mode Type: SVT   W=0.054000   L=0.270000

Group No: 34    Polar Type: PMOS    Mode Type: SVT   W=0.054000   L=0.135000
vtsat --> Bias No 1  Warning: the local variation is larger than the total variation!
vtsat --> Bias No 2  Warning: the local variation is larger than the total variation!
vtsat --> Bias No 3  Warning: the local variation is larger than the total variation!

Group No: 35    Polar Type: PMOS    Mode Type: SVT   W=0.054000   L=0.108000

Group No: 36    Polar Type: PMOS    Mode Type: SVT   W=0.040500   L=1.800000

Group No: 37    Polar Type: PMOS    Mode Type: SVT   W=0.036000   L=0.108000
vtlin --> Bias No 1  Warning: the local variation is larger than the total variation!
vtlin --> Bias No 2  Warning: the local variation is larger than the total variation!
vtlin --> Bias No 3  Warning: the local variation is larger than the total variation!

Group No: 38    Polar Type: PMOS    Mode Type: SVT   W=0.036000   L=9.000000

Group No: 39    Polar Type: PMOS    Mode Type: SVT   W=0.036000   L=4.500000

Group No: 40    Polar Type: PMOS    Mode Type: SVT   W=0.036000   L=0.900000

Group No: 41    Polar Type: PMOS    Mode Type: SVT   W=0.036000   L=0.540000

Group No: 42    Polar Type: PMOS    Mode Type: SVT   W=0.036000   L=0.270000
vtlin --> Bias No 1  Warning: the local variation is larger than the total variation!
vtsat --> Bias No 1  Warning: the local variation is larger than the total variation!
vtlin --> Bias No 2  Warning: the local variation is larger than the total variation!
vtsat --> Bias No 2  Warning: the local variation is larger than the total variation!
vtlin --> Bias No 3  Warning: the local variation is larger than the total variation!
vtsat --> Bias No 3  Warning: the local variation is larger than the total variation!

Group No: 43    Polar Type: PMOS    Mode Type: SVT   W=0.036000   L=0.135000

Group No: 44    Polar Type: PMOS    Mode Type: SVT   W=0.036000   L=0.900000

Group No: 45    Polar Type: PMOS    Mode Type: SVT   W=0.036000   L=0.900000

Group No: 46    Polar Type: PMOS    Mode Type: SVT   W=0.036000   L=0.900000

Group No: 47    Polar Type: PMOS    Mode Type: SVT   W=0.036000   L=0.900000

Group No: 48    Polar Type: PMOS    Mode Type: SVT   W=0.036000   L=0.540000

Group No: 49    Polar Type: PMOS    Mode Type: SVT   W=0.036000   L=0.540000

Group No: 50    Polar Type: PMOS    Mode Type: SVT   W=0.036000   L=0.540000

Group No: 51    Polar Type: PMOS    Mode Type: SVT   W=0.036000   L=0.540000

Group No: 52    Polar Type: PMOS    Mode Type: SVT   W=0.036000   L=0.270000

Group No: 53    Polar Type: PMOS    Mode Type: SVT   W=0.036000   L=0.270000
vtlin --> Bias No 1  Warning: the local variation is larger than the total variation!
vtsat --> Bias No 1  Warning: the local variation is larger than the total variation!
vtlin --> Bias No 2  Warning: the local variation is larger than the total variation!
vtsat --> Bias No 2  Warning: the local variation is larger than the total variation!
vtlin --> Bias No 3  Warning: the local variation is larger than the total variation!
vtsat --> Bias No 3  Warning: the local variation is larger than the total variation!

Group No: 54    Polar Type: PMOS    Mode Type: SVT   W=0.036000   L=0.270000

Group No: 55    Polar Type: PMOS    Mode Type: SVT   W=0.036000   L=0.270000

Group No: 56    Polar Type: NMOS    Mode Type: NT   W=4.500000   L=4.500000

Group No: 57    Polar Type: NMOS    Mode Type: NT   W=4.500000   L=1.800000

Group No: 58    Polar Type: NMOS    Mode Type: NT   W=1.080000   L=1.800000

Group No: 59    Polar Type: NMOS    Mode Type: NT   W=1.080000   L=0.360000
Idlin --> Bias No 1  Warning: the local variation is larger than the total variation!
vtlin --> Bias No 1  Warning: the local variation is larger than the total variation!
vtsat --> Bias No 1  Warning: the local variation is larger than the total variation!
Idlin --> Bias No 2  Warning: the local variation is larger than the total variation!
vtlin --> Bias No 2  Warning: the local variation is larger than the total variation!
vtsat --> Bias No 2  Warning: the local variation is larger than the total variation!
Idlin --> Bias No 3  Warning: the local variation is larger than the total variation!
vtlin --> Bias No 3  Warning: the local variation is larger than the total variation!
vtsat --> Bias No 3  Warning: the local variation is larger than the total variation!

Group No: 60    Polar Type: NMOS    Mode Type: NT   W=0.630000   L=1.800000

Group No: 61    Polar Type: NMOS    Mode Type: NT   W=0.450000   L=1.800000

Group No: 62    Polar Type: NMOS    Mode Type: NT   W=0.360000   L=9.000000

Group No: 63    Polar Type: NMOS    Mode Type: NT   W=0.360000   L=0.900000

Group No: 64    Polar Type: NMOS    Mode Type: NT   W=0.360000   L=0.450000

Group No: 65    Polar Type: NMOS    Mode Type: NT   W=0.360000   L=0.360000

Group No: 66    Polar Type: NMOS    Mode Type: NT   W=0.270000   L=1.800000

Group No: 67    Polar Type: NMOS    Mode Type: NT   W=0.270000   L=0.900000

Group No: 68    Polar Type: NMOS    Mode Type: NT   W=0.270000   L=0.360000
vtlin --> Bias No 1  Warning: the local variation is larger than the total variation!
vtsat --> Bias No 1  Warning: the local variation is larger than the total variation!
vtlin --> Bias No 2  Warning: the local variation is larger than the total variation!
vtsat --> Bias No 2  Warning: the local variation is larger than the total variation!
vtlin --> Bias No 3  Warning: the local variation is larger than the total variation!
vtsat --> Bias No 3  Warning: the local variation is larger than the total variation!

Group No: 69    Polar Type: NMOS    Mode Type: NT   W=0.270000   L=0.900000

Group No: 70    Polar Type: NMOS    Mode Type: NT   W=0.270000   L=0.900000

Group No: 71    Polar Type: NMOS    Mode Type: NT   W=0.270000   L=0.900000
